<?xml version="1.0" encoding="UTF-8"?>
<testsuite xmlns:xsi="http://www.w3.org/2001/XMLSchema-instance" xsi:noNamespaceSchemaLocation="https://maven.apache.org/surefire/maven-surefire-plugin/xsd/surefire-test-report-3.0.xsd" version="3.0" name="com.p2p.LoanServiceTest" time="0.128" tests="4" errors="0" skipped="0" failures="0">
  <properties>
[...]
</properties>
  <testcase name="shouldRejectLoanWhenCreditScoreLow" classname="com.p2p.LoanServiceTest" time="0.071"/>
  <testcase name="shouldApproveLoanWhenCreditScoreHigh" classname="com.p2p.LoanServiceTest" time="0.002"/>
  <testcase name="shouldRejectLoanWhenAmountIsZeroOrNegative" classname="com.p2p.LoanServiceTest" time="0.004"/>
  <testcase name="shouldRejectLoanWhenBorrowerNotVerified" classname="com.p2p.LoanServiceTest" time="0.002"/>
</testsuite>